-------------------------------------------------------------------------------
Test set: com.runtimex.tecmis.NoticeDaoTest
-------------------------------------------------------------------------------
Tests run: 8, Failures: 1, Errors: 4, Skipped: 0, Time elapsed: 0.290 s <<< FAILURE! -- in com.runtimex.tecmis.NoticeDaoTest
com.runtimex.tecmis.NoticeDaoTest.testCreateNotice_Success -- Time elapsed: 0.131 s <<< FAILURE!
org.opentest4j.AssertionFailedError: Unexpected exception thrown: java.lang.RuntimeException: Error creating notice: Data truncation: Data too long for column 'notice_id' at row 1
	at org.junit.jupiter.api.AssertionFailureBuilder.build(AssertionFailureBuilder.java:152)
	at org.junit.jupiter.api.AssertDoesNotThrow.createAssertionFailedError(AssertDoesNotThrow.java:84)
	at org.junit.jupiter.api.AssertDoesNotThrow.assertDoesNotThrow(AssertDoesNotThrow.java:53)
	at org.junit.jupiter.api.AssertDoesNotThrow.assertDoesNotThrow(AssertDoesNotThrow.java:36)
	at org.junit.jupiter.api.Assertions.assertDoesNotThrow(Assertions.java:3168)
	at com.runtimex.tecmis.NoticeDaoTest.testCreateNotice_Success(NoticeDaoTest.java:72)
	at java.base/java.lang.reflect.Method.invoke(Method.java:568)
	at java.base/java.util.ArrayList.forEach(ArrayList.java:1511)
	at java.base/java.util.ArrayList.forEach(ArrayList.java:1511)
Caused by: java.lang.RuntimeException: Error creating notice: Data truncation: Data too long for column 'notice_id' at row 1
	at com.runtimex.tecmis.dao.NoticeDao.createNotice(NoticeDao.java:46)
	at com.runtimex.tecmis.NoticeDaoTest.lambda$testCreateNotice_Success$0(NoticeDaoTest.java:73)
	at org.junit.jupiter.api.AssertDoesNotThrow.assertDoesNotThrow(AssertDoesNotThrow.java:49)
	... 6 more
Caused by: com.mysql.cj.jdbc.exceptions.MysqlDataTruncation: Data truncation: Data too long for column 'notice_id' at row 1
	at com.mysql.cj.jdbc.exceptions.SQLExceptionsMapping.translateException(SQLExceptionsMapping.java:104)
	at com.mysql.cj.jdbc.ClientPreparedStatement.executeInternal(ClientPreparedStatement.java:916)
	at com.mysql.cj.jdbc.ClientPreparedStatement.executeUpdateInternal(ClientPreparedStatement.java:1061)
	at com.mysql.cj.jdbc.ClientPreparedStatement.executeUpdateInternal(ClientPreparedStatement.java:1009)
	at com.mysql.cj.jdbc.ClientPreparedStatement.executeLargeUpdate(ClientPreparedStatement.java:1320)
	at com.mysql.cj.jdbc.ClientPreparedStatement.executeUpdate(ClientPreparedStatement.java:994)
	at com.runtimex.tecmis.dao.NoticeDao.createNotice(NoticeDao.java:44)
	... 8 more

com.runtimex.tecmis.NoticeDaoTest.testGetAllNotices_ReturnsInserted -- Time elapsed: 0.008 s <<< ERROR!
java.lang.RuntimeException: Error creating notice: Data truncation: Data too long for column 'notice_id' at row 1
	at com.runtimex.tecmis.dao.NoticeDao.createNotice(NoticeDao.java:46)
	at com.runtimex.tecmis.NoticeDaoTest.testGetAllNotices_ReturnsInserted(NoticeDaoTest.java:82)
	at java.base/java.lang.reflect.Method.invoke(Method.java:568)
	at java.base/java.util.ArrayList.forEach(ArrayList.java:1511)
	at java.base/java.util.ArrayList.forEach(ArrayList.java:1511)
Caused by: com.mysql.cj.jdbc.exceptions.MysqlDataTruncation: Data truncation: Data too long for column 'notice_id' at row 1
	at com.mysql.cj.jdbc.exceptions.SQLExceptionsMapping.translateException(SQLExceptionsMapping.java:104)
	at com.mysql.cj.jdbc.ClientPreparedStatement.executeInternal(ClientPreparedStatement.java:916)
	at com.mysql.cj.jdbc.ClientPreparedStatement.executeUpdateInternal(ClientPreparedStatement.java:1061)
	at com.mysql.cj.jdbc.ClientPreparedStatement.executeUpdateInternal(ClientPreparedStatement.java:1009)
	at com.mysql.cj.jdbc.ClientPreparedStatement.executeLargeUpdate(ClientPreparedStatement.java:1320)
	at com.mysql.cj.jdbc.ClientPreparedStatement.executeUpdate(ClientPreparedStatement.java:994)
	at com.runtimex.tecmis.dao.NoticeDao.createNotice(NoticeDao.java:44)
	... 4 more

com.runtimex.tecmis.NoticeDaoTest.testSearchNotices_FindsByKeyword -- Time elapsed: 0.008 s <<< ERROR!
java.lang.RuntimeException: Error creating notice: Data truncation: Data too long for column 'notice_id' at row 1
	at com.runtimex.tecmis.dao.NoticeDao.createNotice(NoticeDao.java:46)
	at com.runtimex.tecmis.NoticeDaoTest.testSearchNotices_FindsByKeyword(NoticeDaoTest.java:96)
	at java.base/java.lang.reflect.Method.invoke(Method.java:568)
	at java.base/java.util.ArrayList.forEach(ArrayList.java:1511)
	at java.base/java.util.ArrayList.forEach(ArrayList.java:1511)
Caused by: com.mysql.cj.jdbc.exceptions.MysqlDataTruncation: Data truncation: Data too long for column 'notice_id' at row 1
	at com.mysql.cj.jdbc.exceptions.SQLExceptionsMapping.translateException(SQLExceptionsMapping.java:104)
	at com.mysql.cj.jdbc.ClientPreparedStatement.executeInternal(ClientPreparedStatement.java:916)
	at com.mysql.cj.jdbc.ClientPreparedStatement.executeUpdateInternal(ClientPreparedStatement.java:1061)
	at com.mysql.cj.jdbc.ClientPreparedStatement.executeUpdateInternal(ClientPreparedStatement.java:1009)
	at com.mysql.cj.jdbc.ClientPreparedStatement.executeLargeUpdate(ClientPreparedStatement.java:1320)
	at com.mysql.cj.jdbc.ClientPreparedStatement.executeUpdate(ClientPreparedStatement.java:994)
	at com.runtimex.tecmis.dao.NoticeDao.createNotice(NoticeDao.java:44)
	... 4 more

com.runtimex.tecmis.NoticeDaoTest.testUpdateNotice_Success -- Time elapsed: 0.006 s <<< ERROR!
java.lang.RuntimeException: Error creating notice: Data truncation: Data too long for column 'notice_id' at row 1
	at com.runtimex.tecmis.dao.NoticeDao.createNotice(NoticeDao.java:46)
	at com.runtimex.tecmis.NoticeDaoTest.testUpdateNotice_Success(NoticeDaoTest.java:120)
	at java.base/java.lang.reflect.Method.invoke(Method.java:568)
	at java.base/java.util.ArrayList.forEach(ArrayList.java:1511)
	at java.base/java.util.ArrayList.forEach(ArrayList.java:1511)
Caused by: com.mysql.cj.jdbc.exceptions.MysqlDataTruncation: Data truncation: Data too long for column 'notice_id' at row 1
	at com.mysql.cj.jdbc.exceptions.SQLExceptionsMapping.translateException(SQLExceptionsMapping.java:104)
	at com.mysql.cj.jdbc.ClientPreparedStatement.executeInternal(ClientPreparedStatement.java:916)
	at com.mysql.cj.jdbc.ClientPreparedStatement.executeUpdateInternal(ClientPreparedStatement.java:1061)
	at com.mysql.cj.jdbc.ClientPreparedStatement.executeUpdateInternal(ClientPreparedStatement.java:1009)
	at com.mysql.cj.jdbc.ClientPreparedStatement.executeLargeUpdate(ClientPreparedStatement.java:1320)
	at com.mysql.cj.jdbc.ClientPreparedStatement.executeUpdate(ClientPreparedStatement.java:994)
	at com.runtimex.tecmis.dao.NoticeDao.createNotice(NoticeDao.java:44)
	... 4 more

com.runtimex.tecmis.NoticeDaoTest.testDeleteNotice_Success -- Time elapsed: 0.008 s <<< ERROR!
java.lang.RuntimeException: Error creating notice: Data truncation: Data too long for column 'notice_id' at row 1
	at com.runtimex.tecmis.dao.NoticeDao.createNotice(NoticeDao.java:46)
	at com.runtimex.tecmis.NoticeDaoTest.testDeleteNotice_Success(NoticeDaoTest.java:155)
	at java.base/java.lang.reflect.Method.invoke(Method.java:568)
	at java.base/java.util.ArrayList.forEach(ArrayList.java:1511)
	at java.base/java.util.ArrayList.forEach(ArrayList.java:1511)
Caused by: com.mysql.cj.jdbc.exceptions.MysqlDataTruncation: Data truncation: Data too long for column 'notice_id' at row 1
	at com.mysql.cj.jdbc.exceptions.SQLExceptionsMapping.translateException(SQLExceptionsMapping.java:104)
	at com.mysql.cj.jdbc.ClientPreparedStatement.executeInternal(ClientPreparedStatement.java:916)
	at com.mysql.cj.jdbc.ClientPreparedStatement.executeUpdateInternal(ClientPreparedStatement.java:1061)
	at com.mysql.cj.jdbc.ClientPreparedStatement.executeUpdateInternal(ClientPreparedStatement.java:1009)
	at com.mysql.cj.jdbc.ClientPreparedStatement.executeLargeUpdate(ClientPreparedStatement.java:1320)
	at com.mysql.cj.jdbc.ClientPreparedStatement.executeUpdate(ClientPreparedStatement.java:994)
	at com.runtimex.tecmis.dao.NoticeDao.createNotice(NoticeDao.java:44)
	... 4 more

