<?xml version="1.0" encoding="UTF-8"?>
<testsuite xmlns:xsi="http://www.w3.org/2001/XMLSchema-instance" xsi:noNamespaceSchemaLocation="https://maven.apache.org/surefire/maven-surefire-plugin/xsd/surefire-test-report-3.0.xsd" version="3.0" name="com.runtimex.tecmis.MarksDaoTest" time="0.906" tests="14" errors="0" skipped="0" failures="0">
  <properties>
[...]
</properties>
  <testcase name="testAddMark_Success" classname="com.runtimex.tecmis.MarksDaoTest" time="0.066"/>
  <testcase name="testAddMark_DuplicateUniqueConstraint_ThrowsException" classname="com.runtimex.tecmis.MarksDaoTest" time="0.033"/>
  <testcase name="testAddMark_InvalidEnrollment_ThrowsException" classname="com.runtimex.tecmis.MarksDaoTest" time="0.016"/>
  <testcase name="testAddMark_InvalidCourseExam_ThrowsException" classname="com.runtimex.tecmis.MarksDaoTest" time="0.012"/>
  <testcase name="testGetMark_ExistingSeededMark_ReturnsCorrectly" classname="com.runtimex.tecmis.MarksDaoTest" time="0.038"/>
  <testcase name="testGetMark_NonExistentReturnsNull" classname="com.runtimex.tecmis.MarksDaoTest" time="0.007"/>
  <testcase name="testGetMark_AfterAdd_ReturnsInsertedMark" classname="com.runtimex.tecmis.MarksDaoTest" time="0.019"/>
  <testcase name="testGetMarksByStudentAndCourse_ReturnsSeededMarks" classname="com.runtimex.tecmis.MarksDaoTest" time="0.005"/>
  <testcase name="testGetMarksByStudentAndCourse_InvalidStudent_ReturnsEmptyList" classname="com.runtimex.tecmis.MarksDaoTest" time="0.006"/>
  <testcase name="testGetMarksByStudentAndCourse_CountIncreasesAfterAdd" classname="com.runtimex.tecmis.MarksDaoTest" time="0.017"/>
  <testcase name="testUpdateMark_Success" classname="com.runtimex.tecmis.MarksDaoTest" time="0.02"/>
  <testcase name="testUpdateMark_NonExistentId_ThrowsException" classname="com.runtimex.tecmis.MarksDaoTest" time="0.033"/>
  <testcase name="testDeleteMark_Success" classname="com.runtimex.tecmis.MarksDaoTest" time="0.021"/>
  <testcase name="testDeleteMark_NonExistent_NoExceptionThrown" classname="com.runtimex.tecmis.MarksDaoTest" time="0.002"/>
</testsuite>