<?xml version="1.0" encoding="UTF-8"?>
<testsuite xmlns:xsi="http://www.w3.org/2001/XMLSchema-instance" xsi:noNamespaceSchemaLocation="https://maven.apache.org/surefire/maven-surefire-plugin/xsd/surefire-test-report-3.0.xsd" version="3.0" name="com.runtimex.tecmis.NoticeDaoTest" time="0.29" tests="8" errors="4" skipped="0" failures="1">
  <properties>
[...]
</properties>
  <testcase name="testCreateNotice_Success" classname="com.runtimex.tecmis.NoticeDaoTest" time="0.131">
    <failure message="Unexpected exception thrown: java.lang.RuntimeException: Error creating notice: Data truncation: Data too long for column &apos;notice_id&apos; at row 1" type="org.opentest4j.AssertionFailedError"><![CDATA[org.opentest4j.AssertionFailedError: Unexpected exception thrown: java.lang.RuntimeException: Error creating notice: Data truncation: Data too long for column 'notice_id' at row 1
	at org.junit.jupiter.api.AssertionFailureBuilder.build(AssertionFailureBuilder.java:152)
	at org.junit.jupiter.api.AssertDoesNotThrow.createAssertionFailedError(AssertDoesNotThrow.java:84)
	at org.junit.jupiter.api.AssertDoesNotThrow.assertDoesNotThrow(AssertDoesNotThrow.java:53)
	at org.junit.jupiter.api.AssertDoesNotThrow.assertDoesNotThrow(AssertDoesNotThrow.java:36)
	at org.junit.jupiter.api.Assertions.assertDoesNotThrow(Assertions.java:3168)
	at com.runtimex.tecmis.NoticeDaoTest.testCreateNotice_Success(NoticeDaoTest.java:72)
	at java.base/java.lang.reflect.Method.invoke(Method.java:568)
	at java.base/java.util.ArrayList.forEach(ArrayList.java:1511)
	at java.base/java.util.ArrayList.forEach(ArrayList.java:1511)
Caused by: java.lang.RuntimeException: Error creating notice: Data truncation: Data too long for column 'notice_id' at row 1
	at com.runtimex.tecmis.dao.NoticeDao.createNotice(NoticeDao.java:46)
	at com.runtimex.tecmis.NoticeDaoTest.lambda$testCreateNotice_Success$0(NoticeDaoTest.java:73)
	at org.junit.jupiter.api.AssertDoesNotThrow.assertDoesNotThrow(AssertDoesNotThrow.java:49)
	... 6 more
Caused by: com.mysql.cj.jdbc.exceptions.MysqlDataTruncation: Data truncation: Data too long for column 'notice_id' at row 1
	at com.mysql.cj.jdbc.exceptions.SQLExceptionsMapping.translateException(SQLExceptionsMapping.java:104)
	at com.mysql.cj.jdbc.ClientPreparedStatement.executeInternal(ClientPreparedStatement.java:916)
	at com.mysql.cj.jdbc.ClientPreparedStatement.executeUpdateInternal(ClientPreparedStatement.java:1061)
	at com.mysql.cj.jdbc.ClientPreparedStatement.executeUpdateInternal(ClientPreparedStatement.java:1009)
	at com.mysql.cj.jdbc.ClientPreparedStatement.executeLargeUpdate(ClientPreparedStatement.java:1320)
	at com.mysql.cj.jdbc.ClientPreparedStatement.executeUpdate(ClientPreparedStatement.java:994)
	at com.runtimex.tecmis.dao.NoticeDao.createNotice(NoticeDao.java:44)
	... 8 more
]]></failure>
  </testcase>
  <testcase name="testGetAllNotices_ReturnsInserted" classname="com.runtimex.tecmis.NoticeDaoTest" time="0.008">
    <error message="Error creating notice: Data truncation: Data too long for column &apos;notice_id&apos; at row 1" type="java.lang.RuntimeException"><![CDATA[java.lang.RuntimeException: Error creating notice: Data truncation: Data too long for column 'notice_id' at row 1
	at com.runtimex.tecmis.dao.NoticeDao.createNotice(NoticeDao.java:46)
	at com.runtimex.tecmis.NoticeDaoTest.testGetAllNotices_ReturnsInserted(NoticeDaoTest.java:82)
	at java.base/java.lang.reflect.Method.invoke(Method.java:568)
	at java.base/java.util.ArrayList.forEach(ArrayList.java:1511)
	at java.base/java.util.ArrayList.forEach(ArrayList.java:1511)
Caused by: com.mysql.cj.jdbc.exceptions.MysqlDataTruncation: Data truncation: Data too long for column 'notice_id' at row 1
	at com.mysql.cj.jdbc.exceptions.SQLExceptionsMapping.translateException(SQLExceptionsMapping.java:104)
	at com.mysql.cj.jdbc.ClientPreparedStatement.executeInternal(ClientPreparedStatement.java:916)
	at com.mysql.cj.jdbc.ClientPreparedStatement.executeUpdateInternal(ClientPreparedStatement.java:1061)
	at com.mysql.cj.jdbc.ClientPreparedStatement.executeUpdateInternal(ClientPreparedStatement.java:1009)
	at com.mysql.cj.jdbc.ClientPreparedStatement.executeLargeUpdate(ClientPreparedStatement.java:1320)
	at com.mysql.cj.jdbc.ClientPreparedStatement.executeUpdate(ClientPreparedStatement.java:994)
	at com.runtimex.tecmis.dao.NoticeDao.createNotice(NoticeDao.java:44)
	... 4 more
]]></error>
  </testcase>
  <testcase name="testSearchNotices_FindsByKeyword" classname="com.runtimex.tecmis.NoticeDaoTest" time="0.008">
    <error message="Error creating notice: Data truncation: Data too long for column &apos;notice_id&apos; at row 1" type="java.lang.RuntimeException"><![CDATA[java.lang.RuntimeException: Error creating notice: Data truncation: Data too long for column 'notice_id' at row 1
	at com.runtimex.tecmis.dao.NoticeDao.createNotice(NoticeDao.java:46)
	at com.runtimex.tecmis.NoticeDaoTest.testSearchNotices_FindsByKeyword(NoticeDaoTest.java:96)
	at java.base/java.lang.reflect.Method.invoke(Method.java:568)
	at java.base/java.util.ArrayList.forEach(ArrayList.java:1511)
	at java.base/java.util.ArrayList.forEach(ArrayList.java:1511)
Caused by: com.mysql.cj.jdbc.exceptions.MysqlDataTruncation: Data truncation: Data too long for column 'notice_id' at row 1
	at com.mysql.cj.jdbc.exceptions.SQLExceptionsMapping.translateException(SQLExceptionsMapping.java:104)
	at com.mysql.cj.jdbc.ClientPreparedStatement.executeInternal(ClientPreparedStatement.java:916)
	at com.mysql.cj.jdbc.ClientPreparedStatement.executeUpdateInternal(ClientPreparedStatement.java:1061)
	at com.mysql.cj.jdbc.ClientPreparedStatement.executeUpdateInternal(ClientPreparedStatement.java:1009)
	at com.mysql.cj.jdbc.ClientPreparedStatement.executeLargeUpdate(ClientPreparedStatement.java:1320)
	at com.mysql.cj.jdbc.ClientPreparedStatement.executeUpdate(ClientPreparedStatement.java:994)
	at com.runtimex.tecmis.dao.NoticeDao.createNotice(NoticeDao.java:44)
	... 4 more
]]></error>
  </testcase>
  <testcase name="testSearchNotices_InvalidKeyword_ReturnsEmpty" classname="com.runtimex.tecmis.NoticeDaoTest" time="0.005"/>
  <testcase name="testUpdateNotice_Success" classname="com.runtimex.tecmis.NoticeDaoTest" time="0.006">
    <error message="Error creating notice: Data truncation: Data too long for column &apos;notice_id&apos; at row 1" type="java.lang.RuntimeException"><![CDATA[java.lang.RuntimeException: Error creating notice: Data truncation: Data too long for column 'notice_id' at row 1
	at com.runtimex.tecmis.dao.NoticeDao.createNotice(NoticeDao.java:46)
	at com.runtimex.tecmis.NoticeDaoTest.testUpdateNotice_Success(NoticeDaoTest.java:120)
	at java.base/java.lang.reflect.Method.invoke(Method.java:568)
	at java.base/java.util.ArrayList.forEach(ArrayList.java:1511)
	at java.base/java.util.ArrayList.forEach(ArrayList.java:1511)
Caused by: com.mysql.cj.jdbc.exceptions.MysqlDataTruncation: Data truncation: Data too long for column 'notice_id' at row 1
	at com.mysql.cj.jdbc.exceptions.SQLExceptionsMapping.translateException(SQLExceptionsMapping.java:104)
	at com.mysql.cj.jdbc.ClientPreparedStatement.executeInternal(ClientPreparedStatement.java:916)
	at com.mysql.cj.jdbc.ClientPreparedStatement.executeUpdateInternal(ClientPreparedStatement.java:1061)
	at com.mysql.cj.jdbc.ClientPreparedStatement.executeUpdateInternal(ClientPreparedStatement.java:1009)
	at com.mysql.cj.jdbc.ClientPreparedStatement.executeLargeUpdate(ClientPreparedStatement.java:1320)
	at com.mysql.cj.jdbc.ClientPreparedStatement.executeUpdate(ClientPreparedStatement.java:994)
	at com.runtimex.tecmis.dao.NoticeDao.createNotice(NoticeDao.java:44)
	... 4 more
]]></error>
  </testcase>
  <testcase name="testUpdateNotice_NotFound_ThrowsException" classname="com.runtimex.tecmis.NoticeDaoTest" time="0.085"/>
  <testcase name="testDeleteNotice_Success" classname="com.runtimex.tecmis.NoticeDaoTest" time="0.008">
    <error message="Error creating notice: Data truncation: Data too long for column &apos;notice_id&apos; at row 1" type="java.lang.RuntimeException"><![CDATA[java.lang.RuntimeException: Error creating notice: Data truncation: Data too long for column 'notice_id' at row 1
	at com.runtimex.tecmis.dao.NoticeDao.createNotice(NoticeDao.java:46)
	at com.runtimex.tecmis.NoticeDaoTest.testDeleteNotice_Success(NoticeDaoTest.java:155)
	at java.base/java.lang.reflect.Method.invoke(Method.java:568)
	at java.base/java.util.ArrayList.forEach(ArrayList.java:1511)
	at java.base/java.util.ArrayList.forEach(ArrayList.java:1511)
Caused by: com.mysql.cj.jdbc.exceptions.MysqlDataTruncation: Data truncation: Data too long for column 'notice_id' at row 1
	at com.mysql.cj.jdbc.exceptions.SQLExceptionsMapping.translateException(SQLExceptionsMapping.java:104)
	at com.mysql.cj.jdbc.ClientPreparedStatement.executeInternal(ClientPreparedStatement.java:916)
	at com.mysql.cj.jdbc.ClientPreparedStatement.executeUpdateInternal(ClientPreparedStatement.java:1061)
	at com.mysql.cj.jdbc.ClientPreparedStatement.executeUpdateInternal(ClientPreparedStatement.java:1009)
	at com.mysql.cj.jdbc.ClientPreparedStatement.executeLargeUpdate(ClientPreparedStatement.java:1320)
	at com.mysql.cj.jdbc.ClientPreparedStatement.executeUpdate(ClientPreparedStatement.java:994)
	at com.runtimex.tecmis.dao.NoticeDao.createNotice(NoticeDao.java:44)
	... 4 more
]]></error>
  </testcase>
  <testcase name="testDeleteNotice_NonExistent_NoException" classname="com.runtimex.tecmis.NoticeDaoTest" time="0.009"/>
</testsuite>